[0] MPI startup(): Intel(R) MPI Library, Version 2021.17  Build 20251121 (id: d2d97bc)
[0] MPI startup(): Copyright (C) 2003-2025 Intel Corporation.  All rights reserved.
[0] MPI startup(): library kind: release
[0] MPI startup(): libfabric version: 2.2.0-impi
[0] MPI startup(): libfabric provider: tcp
[0] MPI startup(): File "/opt/intel/oneapi/mpi/2021.17/opt/mpi/etc/tuning_skx_shm-ofi_tcp_1_x1.dat" not found
[0] MPI startup(): File "/opt/intel/oneapi/mpi/2021.17/opt/mpi/etc/tuning_skx_shm-ofi_tcp_1.dat" not found
[0] MPI startup(): Load tuning file: "/opt/intel/oneapi/mpi/2021.17/opt/mpi/etc/tuning_skx_shm-ofi_tcp.dat"
[0] MPI startup(): Number of NICs:  1 
[0] MPI startup(): ===== NIC pinning on ubuntu-SYS-531AD-I =====
[0] MPI startup(): Rank    Thread id  Pin nic
[0] MPI startup(): 0       0          enp2s0
[0] MPI startup(): 1       0          enp2s0
[0] MPI startup(): 2       0          enp2s0
[0] MPI startup(): 3       0          enp2s0
[0] MPI startup(): ===== CPU pinning =====
[0] MPI startup(): Rank    Pid      Node name           Pin cpu
[0] MPI startup(): 0       389156   ubuntu-SYS-531AD-I  {0-3}
[0] MPI startup(): 1       389157   ubuntu-SYS-531AD-I  {4-7}
[0] MPI startup(): 2       389158   ubuntu-SYS-531AD-I  {8-11}
[0] MPI startup(): 3       389159   ubuntu-SYS-531AD-I  {12-15}
[0] MPI startup(): I_MPI_ROOT=/opt/intel/oneapi/mpi/2021.17
[0] MPI startup(): ONEAPI_ROOT=/opt/intel/oneapi
[0] MPI startup(): I_MPI_MPIRUN=mpirun
[0] MPI startup(): I_MPI_BIND_WIN_ALLOCATE=localalloc
[0] MPI startup(): I_MPI_HYDRA_TOPOLIB=ipl2
[0] MPI startup(): I_MPI_PIN_DOMAIN_SIZE=omp
[0] MPI startup(): I_MPI_PIN_DOMAIN_SIZE=omp
[0] MPI startup(): I_MPI_RETURN_WIN_MEM_NUMA=-1
[0] MPI startup(): I_MPI_PIN=1
[0] MPI startup(): I_MPI_PIN_CELL=core
[0] MPI startup(): I_MPI_PIN_DOMAIN=omp:compact
[0] MPI startup(): I_MPI_PIN_ORDER=scatter
[0] MPI startup(): I_MPI_INTERNAL_MEM_POLICY=default
[0] MPI startup(): I_MPI_FABRICS=shm:ofi
[0] MPI startup(): I_MPI_OFI_PROVIDER=tcp
[0] MPI startup(): I_MPI_THREAD_LEVEL=funneled
[0] MPI startup(): I_MPI_DEBUG=5
Threads workloads
0 333333333 333333333 333333333 
Threads times
Rank 1, Thread 0 [5329.756938 MHz]: 2213.582993 ms
Rank 1, Thread 1 [5326.451632 MHz]: 1355.945110 ms
Rank 1, Thread 2 [5326.441741 MHz]: 1437.105894 ms
Rank 1, Thread 3 [4422.520715 MHz]: 1764.228106 ms
Rank 1, Iteration 0:, 2213.721710 ms
Rank 1, Iteration 0: 384.395683 J, 173.642279 W
Rank 0, Thread 0 [5324.305344 MHz]: 1390.426159 ms
Rank 0, Thread 1 [5326.415233 MHz]: 1882.320166 ms
Rank 0, Thread 2 [5326.023066 MHz]: 1919.626951 ms
Rank 0, Thread 3 [4422.093586 MHz]: 2299.114943 ms
Rank 0, Iteration 0:, 2299.439899 ms
Rank 0, Iteration 0: 391.576939 J, 170.292313 W
Rank 3, Thread 0 [4220.996781 MHz]: 2025.249004 ms
Rank 3, Thread 1 [4220.998833 MHz]: 4803.459883 ms
Rank 3, Thread 2 [4220.999160 MHz]: 4837.738991 ms
Rank 3, Thread 3 [4220.999191 MHz]: 4915.781021 ms
Rank 3, Iteration 0:, 4916.022988 ms
Rank 3, Iteration 0: 587.033348 J, 119.412246 W
Rank 2, Thread 0 [4220.998195 MHz]: 2213.440895 ms
Rank 2, Thread 1 [4220.998851 MHz]: 4836.169958 ms
Rank 2, Thread 2 [4220.998893 MHz]: 4897.644043 ms
Rank 2, Thread 3 [4220.999327 MHz]: 4953.073978 ms
Rank 2, Iteration 0:, 4953.422694 ms
Rank 2, Iteration 0: 589.712906 J, 119.051602 W
Threads workloads
0 333333333 333333333 333333333 
Threads times
Rank 1, Thread 0 [5325.154224 MHz]: 1432.378054 ms
Rank 1, Thread 1 [5326.456543 MHz]: 1354.269028 ms
Rank 1, Thread 2 [5326.407036 MHz]: 1355.386019 ms
Rank 1, Thread 3 [5326.212866 MHz]: 1351.455927 ms
Rank 1, Iteration 1:, 1432.434983 ms
Rank 1, Iteration 1: 276.992333 J, 193.371662 W
Rank 0, Thread 0 [5323.656741 MHz]: 849.776983 ms
Rank 0, Thread 1 [5326.495653 MHz]: 1347.906828 ms
Rank 0, Thread 2 [5325.667714 MHz]: 1350.290060 ms
Rank 0, Thread 3 [4421.997993 MHz]: 1630.367041 ms
Rank 0, Iteration 1:, 1630.588067 ms
Rank 0, Iteration 1: 303.092364 J, 185.879175 W
Rank 3, Thread 0 [4220.997988 MHz]: 1432.380915 ms
Rank 3, Thread 1 [4220.968365 MHz]: 4338.823080 ms
Rank 3, Thread 2 [4220.969287 MHz]: 4340.229988 ms
Rank 3, Thread 3 [4220.969095 MHz]: 4345.629930 ms
Rank 3, Iteration 1:, 4345.661211 ms
Rank 3, Iteration 1: 507.129378 J, 116.697863 W
Rank 2, Thread 0 [4220.997534 MHz]: 1432.379961 ms
Rank 2, Thread 1 [4220.969095 MHz]: 4371.345043 ms
Rank 2, Thread 2 [4220.968879 MHz]: 4340.475082 ms
Rank 2, Thread 3 [4220.969122 MHz]: 4344.927073 ms
Rank 2, Iteration 1:, 4371.415174 ms
Rank 2, Iteration 1: 508.778056 J, 116.387494 W
Threads workloads
0 333333333 333333333 333333333 
Threads times
Rank 1, Thread 0 [5326.127009 MHz]: 1417.135000 ms
Rank 1, Thread 1 [5325.948725 MHz]: 1357.985973 ms
Rank 1, Thread 2 [5326.453017 MHz]: 1348.296881 ms
Rank 1, Thread 3 [5326.222249 MHz]: 1356.446981 ms
Rank 1, Iteration 2:, 1417.166864 ms
Rank 1, Iteration 2: 273.989472 J, 193.336070 W
Rank 0, Thread 0 [5326.306946 MHz]: 815.032005 ms
Rank 0, Thread 1 [5326.497987 MHz]: 1349.681854 ms
Rank 0, Thread 2 [5326.374860 MHz]: 1353.004932 ms
Rank 0, Thread 3 [4421.970756 MHz]: 1622.424841 ms
Rank 0, Iteration 2:, 1622.599884 ms
Rank 0, Iteration 2: 301.932210 J, 186.079275 W
Rank 2, Thread 0 [4220.997417 MHz]: 1417.140961 ms
Rank 2, Thread 1 [4220.999568 MHz]: 4342.538834 ms
Rank 2, Thread 2 [4220.999149 MHz]: 4341.893911 ms
Rank 2, Thread 3 [4220.999432 MHz]: 4343.998909 ms
Rank 2, Iteration 2:, 4344.030975 ms
Rank 2, Iteration 2: 508.015301 J, 116.945598 W
Rank 3, Thread 0 [4220.997056 MHz]: 1417.139053 ms
Rank 3, Thread 1 [4220.999005 MHz]: 4339.080095 ms
Rank 3, Thread 2 [4220.999405 MHz]: 4339.520931 ms
Rank 3, Thread 3 [4220.999522 MHz]: 4345.920086 ms
Rank 3, Iteration 2:, 4345.945536 ms
Rank 3, Iteration 2: 508.180156 J, 116.932012 W
Threads workloads
0 333333333 333333333 333333333 
Threads times
Rank 1, Thread 0 [5326.254072 MHz]: 1415.112019 ms
Rank 1, Thread 1 [5326.039328 MHz]: 1349.196911 ms
Rank 1, Thread 2 [5326.462318 MHz]: 1345.839024 ms
Rank 1, Thread 3 [5326.274501 MHz]: 1345.997095 ms
Rank 1, Iteration 3:, 1415.139778 ms
Rank 1, Iteration 3: 272.952976 J, 192.880576 W
Rank 0, Thread 0 [5326.307468 MHz]: 815.624952 ms
Rank 0, Thread 1 [5326.497117 MHz]: 1348.623991 ms
Rank 0, Thread 2 [5326.213545 MHz]: 1351.271868 ms
Rank 0, Thread 3 [4421.998691 MHz]: 1621.504068 ms
Rank 0, Iteration 3:, 1621.740743 ms
Rank 0, Iteration 3: 300.934472 J, 185.562627 W
Rank 2, Thread 0 [4220.997450 MHz]: 1415.119886 ms
Rank 2, Thread 1 [4220.999485 MHz]: 4340.985060 ms
Rank 2, Thread 2 [4220.999226 MHz]: 4340.100050 ms
Rank 2, Thread 3 [4220.999576 MHz]: 4344.635010 ms
Rank 2, Iteration 3:, 4344.664622 ms
Rank 3, Thread 0 [4220.997744 MHz]: 1415.119886 ms
Rank 3, Thread 1 [4220.999161 MHz]: 4337.445021 ms
Rank 3, Thread 2 [4220.999540 MHz]: 4338.346004 ms
Rank 3, Thread 3 [4220.999408 MHz]: 4344.676018 ms
Rank 3, Iteration 3:, 4344.702405 ms
Rank 2, Iteration 3: 509.227823 J, 117.207625 W
Rank 3, Iteration 3: 509.227823 J, 117.206606 W
Threads workloads
0 333333333 333333333 333333333 
Threads times
Rank 1, Thread 0 [5326.342190 MHz]: 1415.256977 ms
Rank 1, Thread 1 [5326.461980 MHz]: 1346.870899 ms
Rank 1, Thread 2 [5326.341999 MHz]: 1347.370148 ms
Rank 1, Thread 3 [5326.110629 MHz]: 1350.336075 ms
Rank 1, Iteration 4:, 1415.283411 ms
Rank 1, Iteration 4: 273.276522 J, 193.089610 W
Rank 0, Thread 0 [5326.301034 MHz]: 816.575050 ms
Rank 0, Thread 1 [5326.241391 MHz]: 1359.915018 ms
Rank 0, Thread 2 [5326.498261 MHz]: 1347.872019 ms
Rank 0, Thread 3 [4421.998582 MHz]: 1621.316910 ms
Rank 0, Iteration 4:, 1621.551205 ms
Rank 0, Iteration 4: 301.442893 J, 185.897856 W
Rank 2, Thread 0 [4220.997846 MHz]: 1415.263176 ms
Rank 2, Thread 1 [4220.999525 MHz]: 4343.786955 ms
Rank 2, Thread 2 [4220.999206 MHz]: 4340.455055 ms
Rank 2, Thread 3 [4220.999587 MHz]: 4343.662977 ms
Rank 2, Iteration 4:, 4343.850611 ms
Rank 2, Iteration 4: 508.013470 J, 116.950032 W
Rank 3, Thread 0 [4220.997997 MHz]: 1415.263176 ms
Rank 3, Thread 1 [4220.999174 MHz]: 4338.135004 ms
Rank 3, Thread 2 [4220.999402 MHz]: 4343.075991 ms
Rank 3, Thread 3 [4220.999601 MHz]: 4345.433950 ms
Rank 3, Iteration 4:, 4345.458796 ms
Rank 3, Iteration 4: 508.088421 J, 116.923999 W
Threads workloads
0 333333333 333333333 333333333 
Threads times
Rank 1, Thread 0 [5325.333006 MHz]: 1413.915873 ms
Rank 1, Thread 1 [5326.498581 MHz]: 1350.876808 ms
Rank 1, Thread 2 [5326.474706 MHz]: 1346.926928 ms
Rank 1, Thread 3 [5326.314205 MHz]: 1348.610878 ms
Rank 1, Iteration 5:, 1413.943767 ms
Rank 1, Iteration 5: 273.500398 J, 193.430888 W
Rank 0, Thread 0 [5325.102726 MHz]: 816.534996 ms
Rank 0, Thread 1 [5326.498343 MHz]: 1350.006819 ms
Rank 0, Thread 2 [5326.043879 MHz]: 1353.209019 ms
Rank 0, Thread 3 [4421.980954 MHz]: 1621.503830 ms
Rank 0, Iteration 5:, 1621.683342 ms
Rank 0, Iteration 5: 301.896688 J, 186.162539 W
Rank 3, Thread 0 [4220.997716 MHz]: 1413.923979 ms
Rank 3, Thread 1 [4220.998954 MHz]: 4338.510990 ms
Rank 3, Thread 2 [4220.999620 MHz]: 4339.180946 ms
Rank 3, Thread 3 [4220.999368 MHz]: 4344.923973 ms
Rank 3, Iteration 5:, 4344.956659 ms
Rank 3, Iteration 5: 508.044292 J, 116.927356 W
Rank 2, Thread 0 [4220.997888 MHz]: 1413.923979 ms
Rank 2, Thread 1 [4220.999421 MHz]: 4343.234062 ms
Rank 2, Thread 2 [4220.999155 MHz]: 4341.787100 ms
Rank 2, Thread 3 [4220.999472 MHz]: 4345.523119 ms
Rank 2, Iteration 5:, 4345.551486 ms
Threads workloads
0 333333333 333333333 333333333 
Threads times
Rank 2, Iteration 5: 508.044292 J, 116.911350 W
Rank 1, Thread 0 [5325.478093 MHz]: 1419.944048 ms
Rank 1, Thread 1 [5326.497077 MHz]: 1348.305941 ms
Rank 1, Thread 2 [5326.495453 MHz]: 1346.992016 ms
Rank 1, Thread 3 [5326.432678 MHz]: 1354.275942 ms
Rank 1, Iteration 6:, 1419.975900 ms
Rank 1, Iteration 6: 274.665435 J, 193.429646 W
Rank 0, Thread 0 [5324.105272 MHz]: 821.784019 ms
Rank 0, Thread 1 [5326.315131 MHz]: 1348.675013 ms
Rank 0, Thread 2 [5326.498893 MHz]: 1347.108126 ms
Rank 0, Thread 3 [4421.997485 MHz]: 1635.147810 ms
Rank 0, Iteration 6:, 1635.304734 ms
Rank 0, Iteration 6: 302.921527 J, 185.238580 W
Rank 3, Thread 0 [4220.997737 MHz]: 1419.949055 ms
Rank 3, Thread 1 [4220.937116 MHz]: 4337.358952 ms
Rank 3, Thread 2 [4220.937818 MHz]: 4340.272903 ms
Rank 3, Thread 3 [4220.937699 MHz]: 4342.582941 ms
Rank 3, Iteration 6:, 4342.612165 ms
Rank 3, Iteration 6: 505.306202 J, 116.359966 W
Rank 2, Thread 0 [4220.997760 MHz]: 1419.949055 ms
Rank 2, Thread 1 [4220.938042 MHz]: 4378.293037 ms
Rank 2, Thread 2 [4220.937469 MHz]: 4341.738939 ms
Rank 2, Thread 3 [4220.937904 MHz]: 4346.439123 ms
Rank 2, Iteration 6:, 4378.358340 ms
Rank 2, Iteration 6: 507.694074 J, 115.955350 W
Threads workloads
0 333333333 333333333 333333333 
Threads times
Rank 1, Thread 0 [5324.665681 MHz]: 1438.521862 ms
Rank 1, Thread 1 [5326.467849 MHz]: 1351.924896 ms
Rank 1, Thread 2 [5326.290827 MHz]: 1354.559898 ms
Rank 1, Thread 3 [5326.069857 MHz]: 1371.630192 ms
Rank 1, Iteration 7:, 1438.555355 ms
Rank 1, Iteration 7: 277.577537 J, 192.955757 W
Rank 0, Thread 0 [5324.152438 MHz]: 858.654976 ms
Rank 0, Thread 1 [5326.159845 MHz]: 1349.871159 ms
Rank 0, Thread 2 [5326.494849 MHz]: 1385.767221 ms
Rank 0, Thread 3 [4421.979339 MHz]: 1624.589920 ms
Rank 0, Iteration 7:, 1624.816088 ms
Rank 0, Iteration 7: 303.349810 J, 186.697936 W
Rank 3, Thread 0 [4220.997742 MHz]: 1438.529015 ms
Rank 3, Thread 1 [4220.999081 MHz]: 4339.313030 ms
Rank 3, Thread 2 [4220.999380 MHz]: 4341.701031 ms
Rank 3, Thread 3 [4220.999488 MHz]: 4347.172022 ms
Rank 3, Iteration 7:, 4347.201822 ms
Rank 3, Iteration 7: 507.329756 J, 116.702600 W
Rank 2, Thread 0 [4220.997569 MHz]: 1438.534021 ms
Rank 2, Thread 1 [4220.999574 MHz]: 4341.989994 ms
Rank 2, Thread 2 [4220.999118 MHz]: 4341.319084 ms
Rank 2, Thread 3 [4220.999486 MHz]: 4347.657919 ms
Rank 2, Iteration 7:, 4347.685575 ms
Rank 2, Iteration 7: 507.329756 J, 116.689615 W
Threads workloads
0 333333333 333333333 333333333 
Threads times
Rank 1, Thread 0 [5326.080018 MHz]: 1416.007042 ms
Rank 1, Thread 1 [5326.497169 MHz]: 1354.435921 ms
Rank 1, Thread 2 [5326.497166 MHz]: 1353.023052 ms
Rank 1, Thread 3 [5326.494891 MHz]: 1365.796804 ms
Rank 1, Iteration 8:, 1416.041459 ms
Rank 1, Iteration 8: 274.020478 J, 193.511621 W
Rank 0, Thread 0 [5325.753510 MHz]: 814.295053 ms
Rank 0, Thread 1 [5326.498270 MHz]: 1354.516029 ms
Rank 0, Thread 2 [5326.303038 MHz]: 1347.346067 ms
Rank 0, Thread 3 [4421.339419 MHz]: 1634.240150 ms
Rank 0, Iteration 8:, 1634.477792 ms
Rank 0, Iteration 8: 303.449541 J, 185.655347 W
Rank 3, Thread 0 [4220.997602 MHz]: 1416.017056 ms
Rank 3, Thread 1 [4220.999053 MHz]: 4336.318970 ms
Rank 3, Thread 2 [4220.999445 MHz]: 4339.056015 ms
Rank 3, Thread 3 [4220.999248 MHz]: 4344.047070 ms
Rank 3, Iteration 8:, 4344.075851 ms
Rank 3, Iteration 8: 505.909105 J, 116.459547 W
Rank 2, Thread 0 [4220.997723 MHz]: 1416.018963 ms
Rank 2, Thread 1 [4220.999336 MHz]: 4347.288847 ms
Rank 2, Thread 2 [4220.999003 MHz]: 4341.331959 ms
Rank 2, Thread 3 [4220.999456 MHz]: 4347.874880 ms
Rank 2, Iteration 8:, 4347.900196 ms
Rank 2, Iteration 8: 506.123827 J, 116.406496 W
Threads workloads
0 333333333 333333333 333333333 
Threads times
Rank 1, Thread 0 [5324.862251 MHz]: 1423.909903 ms
Rank 1, Thread 1 [5326.497839 MHz]: 1355.583906 ms
Rank 1, Thread 2 [5326.275579 MHz]: 1348.932028 ms
Rank 1, Thread 3 [5326.162014 MHz]: 1354.557991 ms
Rank 1, Iteration 9:, 1423.939766 ms
Rank 1, Iteration 9: 275.526760 J, 193.496078 W
Rank 0, Thread 0 [5323.927209 MHz]: 843.344927 ms
Rank 0, Thread 1 [5326.494498 MHz]: 1345.643997 ms
Rank 0, Thread 2 [5326.496608 MHz]: 1350.269794 ms
Rank 0, Thread 3 [4421.986396 MHz]: 1625.704050 ms
Rank 0, Iteration 9:, 1625.851496 ms
Rank 0, Iteration 9: 303.522416 J, 186.685203 W
Rank 2, Thread 0 [4220.998008 MHz]: 1423.919201 ms
Rank 2, Thread 1 [4220.999537 MHz]: 4342.502117 ms
Rank 2, Thread 2 [4220.999313 MHz]: 4339.579105 ms
Rank 2, Thread 3 [4220.999453 MHz]: 4342.252970 ms
Rank 2, Iteration 9:, 4342.578621 ms
Rank 2, Iteration 9: 509.242959 J, 117.267413 W
Rank 3, Thread 0 [4220.997517 MHz]: 1423.919201 ms
Rank 3, Thread 1 [4220.998767 MHz]: 4336.075068 ms
Rank 3, Thread 2 [4220.999557 MHz]: 4337.270975 ms
Rank 3, Thread 3 [4220.999427 MHz]: 4342.802048 ms
Rank 3, Iteration 9:, 4342.829060 ms
Rank 3, Iteration 9: 509.242959 J, 117.260650 W
Threads workloads
0 333333333 333333333 333333333 
Threads times
Rank 1, Thread 0 [5326.189427 MHz]: 1415.854216 ms
Rank 1, Thread 1 [5326.494976 MHz]: 1346.526146 ms
Rank 1, Thread 2 [5326.288447 MHz]: 1348.967075 ms
Rank 1, Thread 3 [5326.497944 MHz]: 1347.266912 ms
Rank 1, Iteration 10:, 1415.885299 ms
Rank 1, Iteration 10: 274.375518 J, 193.783718 W
Rank 0, Thread 0 [5326.390384 MHz]: 811.535120 ms
Rank 0, Thread 1 [5326.498184 MHz]: 1349.358082 ms
Rank 0, Thread 2 [5326.498380 MHz]: 1348.405123 ms
Rank 0, Thread 3 [4421.998094 MHz]: 1623.681068 ms
Rank 0, Iteration 10:, 1623.833896 ms
Rank 0, Iteration 10: 302.525043 J, 186.302949 W
Rank 2, Thread 0 [4220.997876 MHz]: 1415.866137 ms
Rank 2, Thread 1 [4220.999548 MHz]: 4343.600988 ms
Rank 2, Thread 2 [4220.999095 MHz]: 4342.135191 ms
Rank 2, Thread 3 [4220.999573 MHz]: 4343.172073 ms
Rank 2, Iteration 10:, 4343.669118 ms
Rank 2, Iteration 10: 510.916416 J, 117.623236 W
Rank 3, Thread 0 [4220.998230 MHz]: 1415.866137 ms
Rank 3, Thread 1 [4220.999142 MHz]: 4338.250160 ms
Rank 3, Thread 2 [4220.999465 MHz]: 4339.563131 ms
Rank 3, Thread 3 [4220.999314 MHz]: 4345.102072 ms
Rank 3, Iteration 10:, 4345.129996 ms
Threads workloads
0 333333333 333333333 333333333 
Threads times
Rank 3, Iteration 10: 511.022007 J, 117.607990 W
Rank 1, Thread 0 [5326.260778 MHz]: 1415.333033 ms
Rank 1, Thread 1 [5326.472159 MHz]: 1346.901894 ms
Rank 1, Thread 2 [5326.466464 MHz]: 1348.684072 ms
Rank 1, Thread 3 [5325.646386 MHz]: 1351.716042 ms
Rank 1, Iteration 11:, 1415.359737 ms
Rank 1, Iteration 11: 274.214447 J, 193.741873 W
Rank 0, Thread 0 [5326.035843 MHz]: 814.239979 ms
Rank 0, Thread 1 [5326.301316 MHz]: 1349.428177 ms
Rank 0, Thread 2 [5326.494723 MHz]: 1362.761021 ms
Rank 0, Thread 3 [4421.975148 MHz]: 1638.190985 ms
Rank 0, Iteration 11:, 1638.430874 ms
Rank 0, Iteration 11: 303.839676 J, 185.445526 W
Rank 3, Thread 0 [4220.997741 MHz]: 1415.339947 ms
Rank 3, Thread 1 [4220.859398 MHz]: 4338.994980 ms
Rank 3, Thread 2 [4220.860166 MHz]: 4343.635082 ms
Rank 3, Thread 3 [4220.860601 MHz]: 4361.355066 ms
Rank 3, Iteration 11:, 4361.385435 ms
Rank 3, Iteration 11: 511.153782 J, 117.199865 W
Rank 2, Thread 0 [4220.997301 MHz]: 1415.341139 ms
Rank 2, Thread 1 [4220.860966 MHz]: 4370.244026 ms
Rank 2, Thread 2 [4220.860002 MHz]: 4341.866016 ms
Rank 2, Thread 3 [4220.860322 MHz]: 4342.947006 ms
Rank 2, Iteration 11:, 4370.309977 ms
Rank 2, Iteration 11: 511.763887 J, 117.100135 W
Threads workloads
0 333333333 333333333 333333333 
Threads times
Rank 1, Thread 0 [5325.248875 MHz]: 1416.215897 ms
Rank 1, Thread 1 [5326.293600 MHz]: 1347.960949 ms
Rank 1, Thread 2 [5326.459288 MHz]: 1348.809958 ms
Rank 1, Thread 3 [5326.460419 MHz]: 1346.448898 ms
Rank 1, Iteration 12:, 1416.269934 ms
Rank 1, Iteration 12: 274.011384 J, 193.473982 W
Rank 0, Thread 0 [5325.933298 MHz]: 811.718941 ms
Rank 0, Thread 1 [5326.367991 MHz]: 1347.803116 ms
Rank 0, Thread 2 [5325.955435 MHz]: 1351.585865 ms
Rank 0, Thread 3 [4421.969457 MHz]: 1626.574039 ms
Rank 0, Iteration 12:, 1626.788598 ms
Rank 0, Iteration 12: 302.334981 J, 185.847738 W
Rank 3, Thread 0 [4220.996647 MHz]: 1416.090965 ms
Rank 3, Thread 1 [4220.999128 MHz]: 4338.557005 ms
Rank 3, Thread 2 [4220.999598 MHz]: 4339.932919 ms
Rank 3, Thread 3 [4220.999529 MHz]: 4348.296881 ms
Rank 3, Iteration 12:, 4348.324307 ms
Rank 3, Iteration 12: 509.091349 J, 117.077594 W
Rank 2, Thread 0 [4220.997799 MHz]: 1416.217089 ms
Rank 2, Thread 1 [4220.999559 MHz]: 4344.472170 ms
Rank 2, Thread 2 [4220.999125 MHz]: 4341.406107 ms
Rank 2, Thread 3 [4220.999438 MHz]: 4352.133989 ms
Rank 2, Iteration 12:, 4352.157991 ms
Rank 2, Iteration 12: 509.376321 J, 117.039942 W
Threads workloads
0 333333333 333333333 333333333 
Threads times
Rank 1, Thread 0 [5326.202930 MHz]: 1416.936874 ms
Rank 1, Thread 1 [5326.467985 MHz]: 1346.662998 ms
Rank 1, Thread 2 [5326.469548 MHz]: 1347.417116 ms
Rank 1, Thread 3 [5326.421250 MHz]: 1347.162962 ms
Rank 1, Iteration 13:, 1416.985504 ms
Rank 1, Iteration 13: 274.253692 J, 193.547281 W
Rank 0, Thread 0 [5324.793331 MHz]: 815.006971 ms
Rank 0, Thread 1 [5326.410460 MHz]: 1349.925995 ms
Rank 0, Thread 2 [5325.944757 MHz]: 1354.291916 ms
Rank 0, Thread 3 [4421.974618 MHz]: 1621.398926 ms
Rank 0, Iteration 13:, 1621.622841 ms
Rank 0, Iteration 13: 301.932394 J, 186.191503 W
Rank 3, Thread 0 [4220.997788 MHz]: 1416.944027 ms
Rank 3, Thread 1 [4220.999562 MHz]: 4337.445021 ms
Rank 3, Thread 2 [4220.999715 MHz]: 4338.199854 ms
Rank 3, Thread 3 [4220.999473 MHz]: 4342.511892 ms
Rank 3, Iteration 13:, 4342.539343 ms
Rank 3, Iteration 13: 506.607224 J, 116.661516 W
Rank 2, Thread 0 [4220.997793 MHz]: 1416.944981 ms
Rank 2, Thread 1 [4220.999285 MHz]: 4340.754032 ms
Rank 2, Thread 2 [4220.999457 MHz]: 4340.240955 ms
Rank 2, Thread 3 [4220.999493 MHz]: 4344.412804 ms
Rank 2, Iteration 13:, 4344.436429 ms
Rank 2, Iteration 13: 506.816391 J, 116.658720 W
Threads workloads
0 333333333 333333333 333333333 
Threads times
Rank 1, Thread 0 [5325.334916 MHz]: 1418.872118 ms
Rank 1, Thread 1 [5326.459605 MHz]: 1347.948074 ms
Rank 1, Thread 2 [5326.494385 MHz]: 1366.069078 ms
Rank 1, Thread 3 [5326.497472 MHz]: 1348.284960 ms
Rank 1, Iteration 14:, 1418.902697 ms
Rank 1, Iteration 14: 274.600920 J, 193.530480 W
Rank 0, Thread 0 [5323.704345 MHz]: 821.034908 ms
Rank 0, Thread 1 [5326.184405 MHz]: 1353.707075 ms
Rank 0, Thread 2 [5326.013393 MHz]: 1352.828026 ms
Rank 0, Thread 3 [4421.978856 MHz]: 1625.644922 ms
Rank 0, Iteration 14:, 1625.875717 ms
Rank 0, Iteration 14: 302.776202 J, 186.223460 W
Rank 2, Thread 0 [4220.997518 MHz]: 1418.874025 ms
Rank 2, Thread 1 [4220.849252 MHz]: 4343.075991 ms
Rank 2, Thread 2 [4220.848707 MHz]: 4339.931011 ms
Rank 2, Thread 3 [4220.849205 MHz]: 4342.336178 ms
Rank 2, Iteration 14:, 4343.150415 ms
Rank 2, Iteration 14: 505.659594 J, 116.426913 W
Rank 3, Thread 0 [4220.998082 MHz]: 1418.872118 ms
Rank 3, Thread 1 [4220.848658 MHz]: 4337.548971 ms
Rank 3, Thread 2 [4220.849246 MHz]: 4338.054180 ms
Rank 3, Thread 3 [4220.849105 MHz]: 4343.212128 ms
Rank 3, Iteration 14:, 4343.237421 ms
Threads workloads
0 333333333 333333333 333333333 
Threads times
Rank 3, Iteration 14: 505.659594 J, 116.424580 W
Rank 1, Thread 0 [5323.550453 MHz]: 1430.814028 ms
Rank 1, Thread 1 [5326.125740 MHz]: 1355.865955 ms
Rank 1, Thread 2 [5326.087262 MHz]: 1360.859871 ms
Rank 1, Thread 3 [5326.465714 MHz]: 1354.424000 ms
Rank 1, Iteration 15:, 1430.847152 ms
Rank 1, Iteration 15: 277.046837 J, 193.624341 W
Rank 0, Thread 0 [5325.916523 MHz]: 849.488020 ms
Rank 0, Thread 1 [5326.495580 MHz]: 1349.546194 ms
Rank 0, Thread 2 [5326.496565 MHz]: 1380.274057 ms
Rank 0, Thread 3 [4421.973211 MHz]: 1622.256994 ms
Rank 0, Iteration 15:, 1622.479380 ms
Rank 0, Iteration 15: 303.767716 J, 187.224392 W
Rank 2, Thread 0 [4220.997756 MHz]: 1430.822849 ms
Rank 2, Thread 1 [4220.999532 MHz]: 4340.817928 ms
Rank 2, Thread 2 [4220.999227 MHz]: 4339.902878 ms
Rank 2, Thread 3 [4220.999506 MHz]: 4341.980934 ms
Rank 2, Iteration 15:, 4342.008198 ms
Rank 2, Iteration 15: 506.813705 J, 116.723341 W
Rank 3, Thread 0 [4220.997964 MHz]: 1430.822849 ms
Rank 3, Thread 1 [4220.999302 MHz]: 4339.088917 ms
Rank 3, Thread 2 [4220.999111 MHz]: 4339.030981 ms
Rank 3, Thread 3 [4220.999515 MHz]: 4344.739914 ms
Rank 3, Iteration 15:, 4344.766317 ms
Rank 3, Iteration 15: 507.042830 J, 116.701980 W
Threads workloads
0 333333333 333333333 333333333 
Threads times
Rank 1, Thread 0 [5325.456761 MHz]: 1415.877104 ms
Rank 1, Thread 1 [5326.478644 MHz]: 1348.221064 ms
Rank 1, Thread 2 [5326.330644 MHz]: 1350.327969 ms
Rank 1, Thread 3 [5326.475586 MHz]: 1346.996069 ms
Rank 1, Iteration 16:, 1415.905026 ms
Rank 1, Iteration 16: 274.581450 J, 193.926460 W
Rank 0, Thread 0 [5326.069497 MHz]: 811.527014 ms
Rank 0, Thread 1 [5326.495582 MHz]: 1350.293159 ms
Rank 0, Thread 2 [5326.267275 MHz]: 1354.490995 ms
Rank 0, Thread 3 [4420.318972 MHz]: 1646.368980 ms
Rank 0, Iteration 16:, 1646.511813 ms
Rank 0, Iteration 16: 304.702223 J, 185.059239 W
Rank 2, Thread 0 [4220.997292 MHz]: 1415.880919 ms
Rank 2, Thread 1 [4220.999374 MHz]: 4341.578007 ms
Rank 2, Thread 2 [4220.999127 MHz]: 4340.053082 ms
Rank 2, Thread 3 [4220.999275 MHz]: 4342.241049 ms
Rank 2, Iteration 16:, 4342.268910 ms
Rank 2, Iteration 16: 506.561570 J, 116.658268 W
Rank 3, Thread 0 [4220.997719 MHz]: 1415.881872 ms
Rank 3, Thread 1 [4220.999357 MHz]: 4337.338924 ms
Rank 3, Thread 2 [4220.999322 MHz]: 4338.099003 ms
Rank 3, Thread 3 [4220.999406 MHz]: 4344.599962 ms
Rank 3, Iteration 16:, 4344.626726 ms
Rank 3, Iteration 16: 506.793747 J, 116.648398 W
Threads workloads
0 333333333 333333333 333333333 
Threads times
Rank 1, Thread 0 [5325.186679 MHz]: 1418.987036 ms
Rank 1, Thread 1 [5326.196888 MHz]: 1347.931147 ms
Rank 1, Thread 2 [5326.098715 MHz]: 1349.157095 ms
Rank 1, Thread 3 [5325.726923 MHz]: 1349.273920 ms
Rank 1, Iteration 17:, 1419.019722 ms
Rank 1, Iteration 17: 274.717436 J, 193.596630 W
Rank 0, Thread 0 [5324.632021 MHz]: 822.373152 ms
Rank 0, Thread 1 [5326.196711 MHz]: 1355.688810 ms
Rank 0, Thread 2 [5326.198039 MHz]: 1350.737095 ms
Rank 0, Thread 3 [4420.671926 MHz]: 1632.188082 ms
Rank 0, Iteration 17:, 1632.411904 ms
Rank 0, Iteration 17: 303.173113 J, 185.720964 W
Rank 3, Thread 0 [4220.877186 MHz]: 1418.996096 ms
Rank 3, Thread 1 [4220.959757 MHz]: 4338.736057 ms
Rank 3, Thread 2 [4220.960352 MHz]: 4339.075089 ms
Rank 3, Thread 3 [4220.959798 MHz]: 4345.108986 ms
Rank 3, Iteration 17:, 4345.141560 ms
Rank 3, Iteration 17: 508.186626 J, 116.955137 W
Rank 2, Thread 0 [4220.877758 MHz]: 1418.992996 ms
Rank 2, Thread 1 [4220.960440 MHz]: 4367.295980 ms
Rank 2, Thread 2 [4220.959815 MHz]: 4341.069937 ms
Rank 2, Thread 3 [4220.960256 MHz]: 4342.724800 ms
Rank 2, Iteration 17:, 4367.360573 ms
Rank 2, Iteration 17: 509.649452 J, 116.695071 W
Threads workloads
0 333333333 333333333 333333333 
Threads times
Rank 1, Thread 0 [5326.186380 MHz]: 1415.897846 ms
Rank 1, Thread 1 [5326.443178 MHz]: 1346.718073 ms
Rank 1, Thread 2 [5326.230080 MHz]: 1346.157074 ms
Rank 1, Thread 3 [5326.445601 MHz]: 1347.409964 ms
Rank 1, Iteration 18:, 1415.928579 ms
Rank 1, Iteration 18: 274.321136 J, 193.739388 W
Rank 0, Thread 0 [5326.401829 MHz]: 812.608957 ms
Rank 0, Thread 1 [5326.283366 MHz]: 1350.313187 ms
Rank 0, Thread 2 [5326.498143 MHz]: 1348.397970 ms
Rank 0, Thread 3 [4421.589556 MHz]: 1624.994040 ms
Rank 0, Iteration 18:, 1625.201101 ms
Rank 0, Iteration 18: 302.446552 J, 186.097925 W
Rank 2, Thread 0 [4220.997559 MHz]: 1415.907145 ms
Rank 2, Thread 1 [4220.999529 MHz]: 4342.675209 ms
Rank 2, Thread 2 [4220.999285 MHz]: 4340.445042 ms
Rank 2, Thread 3 [4220.999579 MHz]: 4341.914177 ms
Rank 2, Iteration 18:, 4342.752564 ms
Rank 2, Iteration 18: 508.936807 J, 117.192218 W
Rank 3, Thread 0 [4220.997612 MHz]: 1415.902138 ms
Rank 3, Thread 1 [4220.998825 MHz]: 4337.638140 ms
Rank 3, Thread 2 [4220.999410 MHz]: 4338.692188 ms
Rank 3, Thread 3 [4220.999428 MHz]: 4344.948053 ms
Rank 3, Iteration 18:, 4344.974722 ms
Rank 3, Iteration 18: 509.100381 J, 117.169929 W
Threads workloads
0 333333333 333333333 333333333 
Threads times
Rank 1, Thread 0 [5326.319731 MHz]: 1414.900064 ms
Rank 1, Thread 1 [5326.496561 MHz]: 1347.384930 ms
Rank 1, Thread 2 [5326.345889 MHz]: 1347.669125 ms
Rank 1, Thread 3 [5325.968775 MHz]: 1349.609137 ms
Rank 1, Iteration 19:, 1414.928006 ms
Rank 1, Iteration 19: 274.058686 J, 193.690905 W
Rank 0, Thread 0 [5326.344713 MHz]: 812.239885 ms
Rank 0, Thread 1 [5326.495886 MHz]: 1346.553087 ms
Rank 0, Thread 2 [5326.139366 MHz]: 1348.200798 ms
Rank 0, Thread 3 [4421.997141 MHz]: 1624.150038 ms
Rank 0, Iteration 19:, 1624.386949 ms
Rank 0, Iteration 19: 302.237324 J, 186.062394 W
Rank 2, Thread 0 [4220.997131 MHz]: 1414.911985 ms
Rank 2, Thread 1 [4220.999574 MHz]: 4344.196081 ms
Rank 2, Thread 2 [4220.999471 MHz]: 4341.207981 ms
Rank 2, Thread 3 [4220.999570 MHz]: 4342.221975 ms
Rank 2, Iteration 19:, 4344.279504 ms
Rank 2, Iteration 19: 508.676737 J, 117.091162 W
Rank 3, Thread 0 [4220.997939 MHz]: 1414.911985 ms
Rank 3, Thread 1 [4220.999201 MHz]: 4338.137150 ms
Rank 3, Thread 2 [4220.999554 MHz]: 4339.967966 ms
Rank 3, Thread 3 [4220.999587 MHz]: 4344.777107 ms
Rank 3, Iteration 19:, 4344.804713 ms
Threads workloads
0 333333333 333333333 333333333 
Threads times
Rank 3, Iteration 19: 508.676737 J, 117.077008 W
Rank 1, Thread 0 [5326.267893 MHz]: 1423.525095 ms
Rank 1, Thread 1 [5326.496716 MHz]: 1346.087217 ms
Rank 1, Thread 2 [5326.295534 MHz]: 1348.674059 ms
Rank 1, Thread 3 [5326.222388 MHz]: 1349.617958 ms
Rank 1, Iteration 20:, 1423.549279 ms
Rank 1, Iteration 20: 275.405545 J, 193.464005 W
Rank 0, Thread 0 [5323.552375 MHz]: 826.956034 ms
Rank 0, Thread 1 [5326.497041 MHz]: 1350.132942 ms
Rank 0, Thread 2 [5326.497157 MHz]: 1349.058867 ms
Rank 0, Thread 3 [4421.976369 MHz]: 1623.467922 ms
Rank 0, Iteration 20:, 1623.678083 ms
Rank 0, Iteration 20: 302.286397 J, 186.173848 W
Rank 3, Thread 0 [4220.997442 MHz]: 1423.530817 ms
Rank 3, Thread 1 [4220.999059 MHz]: 4339.989901 ms
Rank 3, Thread 2 [4220.999668 MHz]: 4340.517998 ms
Rank 3, Thread 3 [4220.999511 MHz]: 4344.178915 ms
Rank 3, Iteration 20:, 4344.208614 ms
Rank 3, Iteration 20: 507.910687 J, 116.916735 W
Rank 2, Thread 0 [4220.997377 MHz]: 1423.531771 ms
Rank 2, Thread 1 [4220.999499 MHz]: 4346.149921 ms
Rank 2, Thread 2 [4220.999204 MHz]: 4340.718985 ms
Rank 2, Thread 3 [4220.999358 MHz]: 4342.628956 ms
Rank 2, Iteration 20:, 4346.213934 ms
Rank 2, Iteration 20: 508.051251 J, 116.895132 W
Threads workloads
0 333333333 333333333 333333333 
Threads times
Rank 1, Thread 0 [5326.056708 MHz]: 1415.251017 ms
Rank 1, Thread 1 [5326.362708 MHz]: 1347.181082 ms
Rank 1, Thread 2 [5326.476604 MHz]: 1358.362913 ms
Rank 1, Thread 3 [5326.471559 MHz]: 1351.685047 ms
Rank 1, Iteration 21:, 1415.279565 ms
Rank 1, Iteration 21: 274.405609 J, 193.887919 W
Rank 0, Thread 0 [5324.539652 MHz]: 815.379143 ms
Rank 0, Thread 1 [5326.497551 MHz]: 1348.598003 ms
Rank 0, Thread 2 [5325.632918 MHz]: 1353.854895 ms
Rank 0, Thread 3 [4421.969057 MHz]: 1628.929853 ms
Rank 0, Iteration 21:, 1629.156406 ms
Rank 0, Iteration 21: 303.257280 J, 186.143748 W
Rank 3, Thread 0 [4220.997373 MHz]: 1415.254116 ms
Rank 3, Thread 1 [4220.999043 MHz]: 4336.357117 ms
Rank 3, Thread 2 [4220.999593 MHz]: 4337.984085 ms
Rank 3, Thread 3 [4220.999556 MHz]: 4341.418982 ms
Rank 3, Iteration 21:, 4341.447342 ms
Rank 3, Iteration 21: 505.801501 J, 116.505271 W
Rank 2, Thread 0 [4220.997904 MHz]: 1415.255070 ms
Rank 2, Thread 1 [4220.999537 MHz]: 4341.520071 ms
Rank 2, Thread 2 [4220.999278 MHz]: 4339.643955 ms
Rank 2, Thread 3 [4220.999493 MHz]: 4342.308998 ms
Rank 2, Iteration 21:, 4342.333486 ms
Threads workloads
0 333333333 333333333 333333333 
Threads times
Rank 2, Iteration 21: 505.878832 J, 116.499305 W
Rank 1, Thread 0 [5325.569009 MHz]: 1419.688940 ms
Rank 1, Thread 1 [5326.494847 MHz]: 1374.840021 ms
Rank 1, Thread 2 [5326.275585 MHz]: 1357.327938 ms
Rank 1, Thread 3 [5326.495304 MHz]: 1361.150026 ms
Rank 1, Iteration 22:, 1419.721279 ms
Rank 1, Iteration 22: 274.844633 J, 193.590557 W
Rank 0, Thread 0 [5325.186099 MHz]: 819.085836 ms
Rank 0, Thread 1 [5326.496623 MHz]: 1356.639862 ms
Rank 0, Thread 2 [5326.187962 MHz]: 1353.166103 ms
Rank 0, Thread 3 [4425.556632 MHz]: 1650.236130 ms
Rank 0, Iteration 22:, 1650.399076 ms
Rank 0, Iteration 22: 305.364636 J, 185.024726 W
Rank 3, Thread 0 [4220.997600 MHz]: 1419.693947 ms
Rank 3, Thread 1 [4220.839281 MHz]: 4339.015007 ms
Rank 3, Thread 2 [4220.838929 MHz]: 4338.720083 ms
Rank 3, Thread 3 [4220.839415 MHz]: 4343.811035 ms
Rank 3, Iteration 22:, 4343.841021 ms
Rank 3, Iteration 22: 507.237471 J, 116.771647 W
Rank 2, Thread 0 [4220.998195 MHz]: 1419.693947 ms
Rank 2, Thread 1 [4220.840404 MHz]: 4372.363091 ms
Rank 2, Thread 2 [4220.838897 MHz]: 4340.138912 ms
Rank 2, Thread 3 [4220.839507 MHz]: 4341.302872 ms
Rank 2, Iteration 22:, 4372.426473 ms
Rank 2, Iteration 22: 509.125100 J, 116.439945 W
Threads workloads
0 333333333 333333333 333333333 
Threads times
Rank 1, Thread 0 [5326.241802 MHz]: 1416.851044 ms
Rank 1, Thread 1 [5326.447876 MHz]: 1348.201036 ms
Rank 1, Thread 2 [5325.955115 MHz]: 1352.710962 ms
Rank 1, Thread 3 [5326.081770 MHz]: 1355.108976 ms
Rank 1, Iteration 23:, 1416.883287 ms
Rank 1, Iteration 23: 275.451810 J, 194.406845 W
Rank 0, Thread 0 [5324.295355 MHz]: 817.662954 ms
Rank 0, Thread 1 [5326.498026 MHz]: 1349.363089 ms
Rank 0, Thread 2 [5326.497565 MHz]: 1356.395006 ms
Rank 0, Thread 3 [4421.969640 MHz]: 1625.128984 ms
Rank 0, Iteration 23:, 1625.336981 ms
Rank 0, Iteration 23: 303.987320 J, 187.030335 W
Rank 3, Thread 0 [4220.997244 MHz]: 1416.856050 ms
Rank 3, Thread 1 [4220.999454 MHz]: 4342.505932 ms
Rank 3, Thread 2 [4220.998707 MHz]: 4338.603973 ms
Rank 3, Thread 3 [4220.999470 MHz]: 4344.465971 ms
Rank 3, Iteration 23:, 4344.495468 ms
Rank 3, Iteration 23: 507.333052 J, 116.776057 W
Rank 2, Thread 0 [4220.996866 MHz]: 1416.859150 ms
Rank 2, Thread 1 [4220.999222 MHz]: 4345.149994 ms
Rank 2, Thread 2 [4220.999360 MHz]: 4339.554071 ms
Rank 2, Thread 3 [4220.999571 MHz]: 4340.689182 ms
Rank 2, Iteration 23:, 4345.182027 ms
Rank 2, Iteration 23: 507.333052 J, 116.757606 W
Threads workloads
0 333333333 333333333 333333333 
Threads times
Rank 1, Thread 0 [5324.439470 MHz]: 1426.859140 ms
Rank 1, Thread 1 [5326.495260 MHz]: 1359.776974 ms
Rank 1, Thread 2 [5326.269728 MHz]: 1354.250908 ms
Rank 1, Thread 3 [5326.324196 MHz]: 1351.985931 ms
Rank 1, Iteration 24:, 1426.888625 ms
Rank 1, Iteration 24: 276.280482 J, 193.624420 W
Rank 0, Thread 0 [5326.289317 MHz]: 832.218885 ms
Rank 0, Thread 1 [5326.411036 MHz]: 1351.027012 ms
Rank 0, Thread 2 [5326.115416 MHz]: 1349.395037 ms
Rank 0, Thread 3 [4421.972301 MHz]: 1622.952938 ms
Rank 0, Iteration 24:, 1623.186879 ms
Rank 0, Iteration 24: 302.988726 J, 186.662873 W
Rank 2, Thread 0 [4220.998016 MHz]: 1426.870108 ms
Rank 2, Thread 1 [4220.999488 MHz]: 4342.076063 ms
Rank 2, Thread 2 [4220.999364 MHz]: 4341.051102 ms
Rank 2, Thread 3 [4220.999521 MHz]: 4344.521999 ms
Rank 2, Iteration 24:, 4344.551720 ms
Rank 2, Iteration 24: 508.406475 J, 117.021619 W
Rank 3, Thread 0 [4220.997968 MHz]: 1426.865101 ms
Rank 3, Thread 1 [4220.999157 MHz]: 4339.590073 ms
Rank 3, Thread 2 [4220.999535 MHz]: 4339.961052 ms
Rank 3, Thread 3 [4220.999307 MHz]: 4345.606089 ms
Rank 3, Iteration 24:, 4345.632268 ms
Rank 3, Iteration 24: 508.497600 J, 117.013490 W
Threads workloads
0 333333333 333333333 333333333 
Threads times
Rank 1, Thread 0 [5326.271120 MHz]: 1417.008162 ms
Rank 1, Thread 1 [5326.497837 MHz]: 1354.259968 ms
Rank 1, Thread 2 [5326.494819 MHz]: 1346.744061 ms
Rank 1, Thread 3 [5325.999711 MHz]: 1353.116989 ms
Rank 1, Iteration 25:, 1417.040547 ms
Rank 1, Iteration 25: 274.297637 J, 193.570775 W
Rank 0, Thread 0 [5326.068009 MHz]: 812.991858 ms
Rank 0, Thread 1 [5326.289274 MHz]: 1354.070902 ms
Rank 0, Thread 2 [5326.497431 MHz]: 1347.736120 ms
Rank 0, Thread 3 [4421.959959 MHz]: 1623.378038 ms
Rank 0, Iteration 25:, 1623.619964 ms
Rank 0, Iteration 25: 302.510700 J, 186.318662 W
Rank 3, Thread 0 [4220.997379 MHz]: 1417.014837 ms
Rank 3, Thread 1 [4220.924117 MHz]: 4339.084864 ms
Rank 3, Thread 2 [4220.924675 MHz]: 4339.282990 ms
Rank 3, Thread 3 [4220.924454 MHz]: 4345.376015 ms
Rank 3, Iteration 25:, 4345.405076 ms
Rank 2, Thread 0 [4220.997401 MHz]: 1417.014837 ms
Rank 2, Thread 1 [4220.924561 MHz]: 4345.417023 ms
Rank 2, Thread 2 [4220.924294 MHz]: 4342.298031 ms
Rank 2, Thread 3 [4220.924648 MHz]: 4342.720985 ms
Rank 2, Iteration 25:, 4345.489568 ms
Rank 3, Iteration 25: 509.090738 J, 117.156106 W
Threads workloads
0 333333333 333333333 333333333 
Threads times
Rank 2, Iteration 25: 509.090738 J, 117.153828 W
Rank 1, Thread 0 [5326.136910 MHz]: 1413.954020 ms
Rank 1, Thread 1 [5326.487599 MHz]: 1346.449852 ms
Rank 1, Thread 2 [5326.435094 MHz]: 1345.803976 ms
Rank 1, Thread 3 [5326.273797 MHz]: 1349.473000 ms
Rank 1, Iteration 26:, 1413.983682 ms
Rank 1, Iteration 26: 273.990631 J, 193.772131 W
Rank 0, Thread 0 [5326.258002 MHz]: 812.180042 ms
Rank 0, Thread 1 [5326.312122 MHz]: 1347.326040 ms
Rank 0, Thread 2 [5326.496250 MHz]: 1349.316835 ms
Rank 0, Thread 3 [4420.527338 MHz]: 1622.752190 ms
Rank 0, Iteration 26:, 1622.932440 ms
Rank 0, Iteration 26: 303.107378 J, 186.765247 W
Rank 2, Thread 0 [4220.997482 MHz]: 1413.970947 ms
Rank 2, Thread 1 [4220.999387 MHz]: 4340.513945 ms
Rank 2, Thread 2 [4220.999230 MHz]: 4340.356827 ms
Rank 2, Thread 3 [4220.999602 MHz]: 4342.547894 ms
Rank 2, Iteration 26:, 4342.575198 ms
Rank 2, Iteration 26: 508.633951 J, 117.127264 W
Rank 3, Thread 0 [4220.998045 MHz]: 1413.965940 ms
Rank 3, Thread 1 [4220.999468 MHz]: 4338.782072 ms
Rank 3, Thread 2 [4220.999165 MHz]: 4338.000059 ms
Rank 3, Thread 3 [4220.999467 MHz]: 4343.549967 ms
Rank 3, Iteration 26:, 4343.575428 ms
Threads workloads
0 333333333 333333333 333333333 
Threads times
Rank 3, Iteration 26: 508.720560 J, 117.120232 W
Rank 1, Thread 0 [5326.245152 MHz]: 1414.577961 ms
Rank 1, Thread 1 [5326.088896 MHz]: 1350.097895 ms
Rank 1, Thread 2 [5326.496992 MHz]: 1345.953941 ms
Rank 1, Thread 3 [5326.497904 MHz]: 1346.645117 ms
Rank 1, Iteration 27:, 1414.627475 ms
Rank 1, Iteration 27: 274.152435 J, 193.798325 W
Rank 0, Thread 0 [5326.248599 MHz]: 811.480999 ms
Rank 0, Thread 1 [5326.095845 MHz]: 1350.182056 ms
Rank 0, Thread 2 [5326.405846 MHz]: 1347.841024 ms
Rank 0, Thread 3 [4421.998173 MHz]: 1621.336937 ms
Rank 0, Iteration 27:, 1621.516301 ms
Rank 0, Iteration 27: 302.218220 J, 186.380007 W
Rank 3, Thread 0 [4220.998040 MHz]: 1414.585829 ms
Rank 3, Thread 1 [4220.999022 MHz]: 4338.084936 ms
Rank 3, Thread 2 [4220.999626 MHz]: 4338.889837 ms
Rank 3, Thread 3 [4220.999420 MHz]: 4344.542980 ms
Rank 3, Iteration 27:, 4344.573202 ms
Rank 3, Iteration 27: 508.784708 J, 117.108099 W
Rank 2, Thread 0 [4220.997817 MHz]: 1414.584875 ms
Rank 2, Thread 1 [4220.999409 MHz]: 4370.781898 ms
Rank 2, Thread 2 [4220.999249 MHz]: 4341.531038 ms
Rank 2, Thread 3 [4220.999648 MHz]: 4342.221022 ms
Rank 2, Iteration 27:, 4370.848965 ms
Rank 2, Iteration 27: 510.492284 J, 116.794766 W
Threads workloads
0 333333333 333333333 333333333 
Threads times
Rank 1, Thread 0 [5325.675342 MHz]: 1420.952082 ms
Rank 1, Thread 1 [5326.442464 MHz]: 1346.200943 ms
Rank 1, Thread 2 [5326.442090 MHz]: 1347.946882 ms
Rank 1, Thread 3 [5326.442457 MHz]: 1350.263834 ms
Rank 1, Iteration 28:, 1420.981144 ms
Rank 1, Iteration 28: 275.189420 J, 193.661556 W
Rank 0, Thread 0 [5322.875259 MHz]: 826.874018 ms
Rank 0, Thread 1 [5326.498024 MHz]: 1347.841024 ms
Rank 0, Thread 2 [5326.125794 MHz]: 1350.242853 ms
Rank 0, Thread 3 [4421.957960 MHz]: 1627.753973 ms
Rank 0, Iteration 28:, 1627.962707 ms
Rank 0, Iteration 28: 302.849933 J, 186.030019 W
Rank 2, Thread 0 [4220.997660 MHz]: 1420.956135 ms
Rank 2, Thread 1 [4220.999553 MHz]: 4340.698004 ms
Rank 2, Thread 2 [4220.999214 MHz]: 4339.777231 ms
Rank 2, Thread 3 [4220.999542 MHz]: 4341.743231 ms
Rank 2, Iteration 28:, 4341.771455 ms
Rank 2, Iteration 28: 507.163192 J, 116.810200 W
Rank 3, Thread 0 [4220.997951 MHz]: 1420.953989 ms
Rank 3, Thread 1 [4220.999171 MHz]: 4337.281942 ms
Rank 3, Thread 2 [4220.999610 MHz]: 4338.058949 ms
Rank 3, Thread 3 [4220.999479 MHz]: 4342.103958 ms
Rank 3, Iteration 28:, 4342.133425 ms
Threads workloads
0 333333333 333333333 333333333 
Threads times
Rank 3, Iteration 28: 507.163192 J, 116.800462 W
Rank 1, Thread 0 [5324.272756 MHz]: 1425.606966 ms
Rank 1, Thread 1 [5326.494676 MHz]: 1380.714178 ms
Rank 1, Thread 2 [5326.209049 MHz]: 1350.924015 ms
Rank 1, Thread 3 [5326.406666 MHz]: 1355.993032 ms
Rank 1, Iteration 29:, 1425.639668 ms
Rank 1, Iteration 29: 276.342798 J, 193.837759 W
Rank 0, Thread 0 [5324.592753 MHz]: 835.555077 ms
Rank 0, Thread 1 [5326.498070 MHz]: 1351.994991 ms
Rank 0, Thread 2 [5326.316505 MHz]: 1348.212004 ms
Rank 0, Thread 3 [4421.626827 MHz]: 1628.793955 ms
Rank 0, Iteration 29:, 1628.960498 ms
Rank 0, Iteration 29: 303.934586 J, 186.581925 W
Rank 3, Thread 0 [4220.997540 MHz]: 1425.612926 ms
Rank 3, Thread 1 [4220.998931 MHz]: 4337.379932 ms
Rank 3, Thread 2 [4220.999597 MHz]: 4338.476896 ms
Rank 3, Thread 3 [4220.999424 MHz]: 4345.571041 ms
Rank 3, Iteration 29:, 4345.598498 ms
Rank 3, Iteration 29: 506.884750 J, 116.643254 W
Rank 2, Thread 0 [4220.997351 MHz]: 1425.612926 ms
Rank 2, Thread 1 [4220.999635 MHz]: 4340.928078 ms
Rank 2, Thread 2 [4220.999155 MHz]: 4340.029001 ms
Rank 2, Thread 3 [4220.999622 MHz]: 4347.539902 ms
Rank 2, Iteration 29:, 4347.563335 ms
Rank 2, Iteration 29: 507.029525 J, 116.623839 W
Threads workloads
0 333333333 333333333 333333333 
Threads times
Rank 1, Thread 0 [5324.723476 MHz]: 1438.513994 ms
Rank 1, Thread 1 [5326.290577 MHz]: 1351.908922 ms
Rank 1, Thread 2 [5326.448716 MHz]: 1353.301048 ms
Rank 1, Thread 3 [5326.444727 MHz]: 1350.820065 ms
Rank 1, Iteration 30:, 1438.545527 ms
Rank 1, Iteration 30: 277.975118 J, 193.233452 W
Rank 0, Thread 0 [5326.223331 MHz]: 851.737022 ms
Rank 0, Thread 1 [5326.494474 MHz]: 1359.133005 ms
Rank 0, Thread 2 [5326.406459 MHz]: 1369.852066 ms
Rank 0, Thread 3 [4422.506238 MHz]: 1643.840075 ms
Rank 0, Iteration 30:, 1644.057011 ms
Rank 0, Iteration 30: 304.926282 J, 185.471842 W
Rank 2, Thread 0 [4220.998167 MHz]: 1438.519955 ms
Rank 2, Thread 1 [4220.999578 MHz]: 4343.616962 ms
Rank 2, Thread 2 [4220.999147 MHz]: 4340.912104 ms
Rank 2, Thread 3 [4220.999629 MHz]: 4343.095064 ms
Rank 2, Iteration 30:, 4343.684549 ms
Rank 2, Iteration 30: 507.282026 J, 116.786111 W
Rank 3, Thread 0 [4220.997699 MHz]: 1438.519001 ms
Rank 3, Thread 1 [4220.999407 MHz]: 4343.170166 ms
Rank 3, Thread 2 [4220.998845 MHz]: 4340.443134 ms
Rank 3, Thread 3 [4220.999540 MHz]: 4345.565081 ms
Rank 3, Iteration 30:, 4345.590380 ms
Rank 3, Iteration 30: 507.441999 J, 116.771705 W
Threads workloads
0 333333333 333333333 333333333 
Threads times
Rank 1, Thread 0 [5326.275135 MHz]: 1415.623903 ms
Rank 1, Thread 1 [5325.821552 MHz]: 1350.832939 ms
Rank 1, Thread 2 [5326.470963 MHz]: 1348.499060 ms
Rank 1, Thread 3 [5326.473233 MHz]: 1351.424932 ms
Rank 1, Iteration 31:, 1415.655686 ms
Rank 1, Iteration 31: 274.314300 J, 193.771906 W
Rank 0, Thread 0 [5325.655098 MHz]: 812.813044 ms
Rank 0, Thread 1 [5326.494192 MHz]: 1348.114014 ms
Rank 0, Thread 2 [5325.934220 MHz]: 1350.607157 ms
Rank 0, Thread 3 [4421.612333 MHz]: 1621.066093 ms
Rank 0, Iteration 31:, 1621.235051 ms
Rank 0, Iteration 31: 303.088091 J, 186.948889 W
Rank 2, Thread 0 [4220.997769 MHz]: 1415.627003 ms
Rank 2, Thread 1 [4220.999609 MHz]: 4341.236115 ms
Rank 2, Thread 2 [4220.999211 MHz]: 4339.926958 ms
Rank 2, Thread 3 [4220.999635 MHz]: 4342.097044 ms
Rank 2, Iteration 31:, 4342.126328 ms
Rank 2, Iteration 31: 506.651962 J, 116.682916 W
Rank 3, Thread 0 [4220.997786 MHz]: 1415.627003 ms
Rank 3, Thread 1 [4220.998821 MHz]: 4337.476969 ms
Rank 3, Thread 2 [4220.999440 MHz]: 4338.474989 ms
Rank 3, Thread 3 [4220.999412 MHz]: 4345.381021 ms
Rank 3, Iteration 31:, 4345.407230 ms
Rank 3, Iteration 31: 506.869186 J, 116.644807 W
Threads workloads
0 333333333 333333333 333333333 
Threads times
Rank 1, Thread 0 [5324.786221 MHz]: 1426.687002 ms
Rank 1, Thread 1 [5326.030756 MHz]: 1350.416899 ms
Rank 1, Thread 2 [5326.467215 MHz]: 1349.354029 ms
Rank 1, Thread 3 [5326.047851 MHz]: 1360.919952 ms
Rank 1, Iteration 32:, 1426.717436 ms
Rank 1, Iteration 32: 276.127039 J, 193.540103 W
Rank 0, Thread 0 [5325.867613 MHz]: 831.972837 ms
Rank 0, Thread 1 [5326.496487 MHz]: 1349.458933 ms
Rank 0, Thread 2 [5326.359014 MHz]: 1349.694967 ms
Rank 0, Thread 3 [4421.974034 MHz]: 1628.577948 ms
Rank 0, Iteration 32:, 1628.801288 ms
Rank 0, Iteration 32: 304.296218 J, 186.822187 W
Rank 2, Thread 0 [4220.997865 MHz]: 1426.692009 ms
Rank 2, Thread 1 [4220.999558 MHz]: 4341.671944 ms
Rank 2, Thread 2 [4220.999258 MHz]: 4341.243029 ms
Rank 2, Thread 3 [4220.999554 MHz]: 4345.635891 ms
Rank 2, Iteration 32:, 4345.663438 ms
Rank 2, Iteration 32: 509.160439 J, 117.165180 W
Rank 3, Thread 0 [4220.998383 MHz]: 1426.695108 ms
Rank 3, Thread 1 [4220.999064 MHz]: 4339.698076 ms
Rank 3, Thread 2 [4220.999538 MHz]: 4339.735985 ms
Rank 3, Thread 3 [4220.999430 MHz]: 4346.006155 ms
Rank 3, Iteration 32:, 4346.045315 ms
Threads workloads
0 333333333 333333333 333333333 
Threads times
Rank 3, Iteration 32: 509.160439 J, 117.154885 W
Rank 1, Thread 0 [5326.224396 MHz]: 1414.170027 ms
Rank 1, Thread 1 [5326.412518 MHz]: 1346.186161 ms
Rank 1, Thread 2 [5326.426455 MHz]: 1373.397112 ms
Rank 1, Thread 3 [5326.284702 MHz]: 1345.832825 ms
Rank 1, Iteration 33:, 1414.204549 ms
Rank 1, Iteration 33: 274.521087 J, 194.116959 W
Rank 0, Thread 0 [5326.341514 MHz]: 810.359001 ms
Rank 0, Thread 1 [5326.072673 MHz]: 1351.351023 ms
Rank 0, Thread 2 [5326.496761 MHz]: 1348.628044 ms
Rank 0, Thread 3 [4421.998229 MHz]: 1622.654200 ms
Rank 0, Iteration 33:, 1622.851027 ms
Rank 0, Iteration 33: 303.023639 J, 186.723016 W
Rank 3, Thread 0 [4220.997448 MHz]: 1414.180994 ms
Rank 3, Thread 1 [4220.999065 MHz]: 4338.758945 ms
Rank 3, Thread 2 [4220.999367 MHz]: 4340.084076 ms
Rank 3, Thread 3 [4220.999458 MHz]: 4346.417904 ms
Rank 3, Iteration 33:, 4346.451266 ms
Rank 3, Iteration 33: 509.434609 J, 117.207022 W
Rank 2, Thread 0 [4220.997618 MHz]: 1414.180040 ms
Rank 2, Thread 1 [4220.999301 MHz]: 4370.142937 ms
Rank 2, Thread 2 [4220.999343 MHz]: 4341.068983 ms
Rank 2, Thread 3 [4220.999622 MHz]: 4345.938921 ms
Rank 2, Iteration 33:, 4370.217211 ms
Rank 2, Iteration 33: 510.997899 J, 116.927346 W
Threads workloads
0 333333333 333333333 333333333 
Threads times
Rank 1, Thread 0 [5326.034576 MHz]: 1414.474010 ms
Rank 1, Thread 1 [5326.071898 MHz]: 1347.106934 ms
Rank 1, Thread 2 [5326.463821 MHz]: 1349.355936 ms
Rank 1, Thread 3 [5326.498022 MHz]: 1346.305132 ms
Rank 1, Iteration 34:, 1414.501204 ms
Rank 1, Iteration 34: 274.121674 J, 193.793878 W
Rank 0, Thread 0 [5325.984551 MHz]: 813.239098 ms
Rank 0, Thread 1 [5326.249464 MHz]: 1348.501205 ms
Rank 0, Thread 2 [5326.498894 MHz]: 1348.173141 ms
Rank 0, Thread 3 [4420.875271 MHz]: 1623.295069 ms
Rank 0, Iteration 34:, 1623.518570 ms
Rank 0, Iteration 34: 302.349934 J, 186.231275 W
Rank 3, Thread 0 [4220.997664 MHz]: 1414.479017 ms
Rank 3, Thread 1 [4220.999046 MHz]: 4337.126970 ms
Rank 3, Thread 2 [4220.999512 MHz]: 4340.358973 ms
Rank 3, Thread 3 [4220.999515 MHz]: 4343.724966 ms
Rank 3, Iteration 34:, 4343.752946 ms
Rank 3, Iteration 34: 508.761210 J, 117.124803 W
Rank 2, Thread 0 [4220.997282 MHz]: 1414.482832 ms
Rank 2, Thread 1 [4220.999276 MHz]: 4343.680859 ms
Rank 2, Thread 2 [4220.999536 MHz]: 4348.702908 ms
Rank 2, Thread 3 [4220.999586 MHz]: 4345.705986 ms
Rank 2, Iteration 34:, 4348.727377 ms
Rank 2, Iteration 34: 509.142495 J, 117.078504 W
Threads workloads
0 333333333 333333333 333333333 
Threads times
Rank 1, Thread 0 [5325.454934 MHz]: 1417.024851 ms
Rank 1, Thread 1 [5326.009563 MHz]: 1348.891973 ms
Rank 1, Thread 2 [5326.473982 MHz]: 1346.451998 ms
Rank 1, Thread 3 [5326.496962 MHz]: 1350.227118 ms
Rank 1, Iteration 35:, 1417.052202 ms
Rank 1, Iteration 35: 274.639129 J, 193.810171 W
Rank 0, Thread 0 [5325.996523 MHz]: 816.306829 ms
Rank 0, Thread 1 [5326.544011 MHz]: 1345.807076 ms
Rank 0, Thread 2 [5326.101920 MHz]: 1357.257128 ms
Rank 0, Thread 3 [4421.983699 MHz]: 1623.054028 ms
Rank 0, Iteration 35:, 1623.276947 ms
Rank 0, Iteration 35: 302.755451 J, 186.508810 W
Rank 2, Thread 0 [4220.998017 MHz]: 1417.029858 ms
Rank 2, Thread 1 [4220.999342 MHz]: 4343.762875 ms
Rank 2, Thread 2 [4220.999198 MHz]: 4342.030048 ms
Rank 2, Thread 3 [4220.999511 MHz]: 4343.682051 ms
Rank 2, Iteration 35:, 4343.836106 ms
Rank 2, Iteration 35: 509.103983 J, 117.201471 W
Rank 3, Thread 0 [4220.998063 MHz]: 1417.027950 ms
Rank 3, Thread 1 [4220.999590 MHz]: 4344.054937 ms
Rank 3, Thread 2 [4220.999288 MHz]: 4339.560986 ms
Rank 3, Thread 3 [4220.999497 MHz]: 4342.904091 ms
Rank 3, Iteration 35:, 4344.122233 ms
Rank 3, Iteration 35: 509.103983 J, 117.193752 W
Threads workloads
0 333333333 333333333 333333333 
Threads times
Rank 1, Thread 0 [5326.331846 MHz]: 1413.457870 ms
Rank 1, Thread 1 [5326.495529 MHz]: 1346.267939 ms
Rank 1, Thread 2 [5326.497310 MHz]: 1352.308989 ms
Rank 1, Thread 3 [5326.412789 MHz]: 1347.364902 ms
Rank 1, Iteration 36:, 1413.488526 ms
Rank 1, Iteration 36: 274.381072 J, 194.116236 W
Rank 0, Thread 0 [5326.201829 MHz]: 813.737869 ms
Rank 0, Thread 1 [5326.216889 MHz]: 1350.576162 ms
Rank 0, Thread 2 [5326.498696 MHz]: 1347.895861 ms
Rank 0, Thread 3 [4421.996524 MHz]: 1628.330946 ms
Rank 0, Iteration 36:, 1628.474656 ms
Rank 0, Iteration 36: 303.232256 J, 186.206310 W
Rank 3, Thread 0 [4220.997562 MHz]: 1413.464069 ms
Rank 3, Thread 1 [4220.999069 MHz]: 4336.558104 ms
Rank 3, Thread 2 [4220.999572 MHz]: 4339.945078 ms
Rank 3, Thread 3 [4220.999442 MHz]: 4342.509985 ms
Rank 3, Iteration 36:, 4342.541442 ms
Rank 3, Iteration 36: 507.684247 J, 116.909477 W
Rank 2, Thread 0 [4220.997515 MHz]: 1413.464069 ms
Rank 2, Thread 1 [4220.999525 MHz]: 4344.166994 ms
Rank 2, Thread 2 [4220.999262 MHz]: 4341.022968 ms
Rank 2, Thread 3 [4220.999535 MHz]: 4341.984987 ms
Rank 2, Iteration 36:, 4344.227331 ms
Rank 2, Iteration 36: 507.793866 J, 116.889340 W
Threads workloads
0 333333333 333333333 333333333 
Threads times
Rank 1, Thread 0 [5325.713509 MHz]: 1418.492079 ms
Rank 1, Thread 1 [5326.471737 MHz]: 1356.683969 ms
Rank 1, Thread 2 [5326.469136 MHz]: 1358.933926 ms
Rank 1, Thread 3 [5326.030500 MHz]: 1364.180803 ms
Rank 1, Iteration 37:, 1418.524700 ms
Rank 1, Iteration 37: 274.778959 J, 193.707560 W
Rank 0, Thread 0 [5325.027451 MHz]: 816.498995 ms
Rank 0, Thread 1 [5326.395156 MHz]: 1382.479906 ms
Rank 0, Thread 2 [5325.767815 MHz]: 1353.135109 ms
Rank 0, Thread 3 [4421.978312 MHz]: 1626.060009 ms
Rank 0, Iteration 37:, 1626.281771 ms
Rank 0, Iteration 37: 304.812574 J, 187.429128 W
Rank 2, Thread 0 [4220.997654 MHz]: 1418.500900 ms
Rank 2, Thread 1 [4220.999363 MHz]: 4341.275930 ms
Rank 2, Thread 2 [4220.999456 MHz]: 4342.864990 ms
Rank 2, Thread 3 [4220.999556 MHz]: 4342.099905 ms
Rank 2, Iteration 37:, 4342.893236 ms
Rank 2, Iteration 37: 508.038250 J, 116.981520 W
Rank 3, Thread 0 [4220.997370 MHz]: 1418.498993 ms
Rank 3, Thread 1 [4220.999158 MHz]: 4338.260889 ms
Rank 3, Thread 2 [4220.999670 MHz]: 4339.262009 ms
Rank 3, Thread 3 [4220.999375 MHz]: 4344.379902 ms
Rank 3, Iteration 37:, 4344.405845 ms
Rank 3, Iteration 37: 508.169658 J, 116.971037 W
Threads workloads
0 333333333 333333333 333333333 
Threads times
Rank 1, Thread 0 [5324.812321 MHz]: 1416.378021 ms
Rank 1, Thread 1 [5326.475454 MHz]: 1349.529982 ms
Rank 1, Thread 2 [5326.118667 MHz]: 1351.470947 ms
Rank 1, Thread 3 [5326.460819 MHz]: 1348.320961 ms
Rank 1, Iteration 38:, 1416.409513 ms
Rank 1, Iteration 38: 275.556546 J, 194.545817 W
Rank 0, Thread 0 [5323.557969 MHz]: 816.936970 ms
Rank 0, Thread 1 [5326.496889 MHz]: 1352.478027 ms
Rank 0, Thread 2 [5325.628194 MHz]: 1356.482029 ms
Rank 0, Thread 3 [4421.977786 MHz]: 1622.061968 ms
Rank 0, Iteration 38:, 1622.259523 ms
Rank 0, Iteration 38: 303.804764 J, 187.272603 W
Rank 3, Thread 0 [4220.998283 MHz]: 1416.383028 ms
Rank 3, Thread 1 [4220.929288 MHz]: 4337.007999 ms
Rank 3, Thread 2 [4220.930048 MHz]: 4337.952137 ms
Rank 3, Thread 3 [4220.929981 MHz]: 4345.246077 ms
Rank 3, Iteration 38:, 4345.276999 ms
Rank 3, Iteration 38: 507.013168 J, 116.681438 W
Rank 2, Thread 0 [4220.997942 MHz]: 1416.382074 ms
Rank 2, Thread 1 [4220.930180 MHz]: 4370.113134 ms
Rank 2, Thread 2 [4220.929835 MHz]: 4340.201139 ms
Rank 2, Thread 3 [4220.930081 MHz]: 4341.350079 ms
Rank 2, Iteration 38:, 4370.175655 ms
Rank 2, Iteration 38: 508.656352 J, 116.392656 W
Threads workloads
0 333333333 333333333 333333333 
Threads times
Rank 1, Thread 0 [5326.168904 MHz]: 1415.531158 ms
Rank 1, Thread 1 [5326.160123 MHz]: 1353.744984 ms
Rank 1, Thread 2 [5326.467592 MHz]: 1355.005026 ms
Rank 1, Thread 3 [5326.497961 MHz]: 1358.354092 ms
Rank 1, Iteration 39:, 1415.558414 ms
Rank 1, Iteration 39: 274.874906 J, 194.181253 W
Rank 0, Thread 0 [5325.547143 MHz]: 812.065840 ms
Rank 0, Thread 1 [5326.318325 MHz]: 1357.856035 ms
Rank 0, Thread 2 [5326.364824 MHz]: 1349.316120 ms
Rank 0, Thread 3 [4421.191304 MHz]: 1635.205030 ms
Rank 0, Iteration 39:, 1635.430798 ms
Rank 0, Iteration 39: 304.357741 J, 186.102488 W
Rank 2, Thread 0 [4220.997762 MHz]: 1415.541172 ms
Rank 2, Thread 1 [4220.999545 MHz]: 4342.256069 ms
Rank 2, Thread 2 [4220.999141 MHz]: 4341.117144 ms
Rank 2, Thread 3 [4220.999390 MHz]: 4343.384981 ms
Rank 2, Iteration 39:, 4343.415816 ms
Rank 2, Iteration 39: 508.112896 J, 116.984631 W
Rank 3, Thread 0 [4220.997073 MHz]: 1415.537119 ms
Rank 3, Thread 1 [4220.999083 MHz]: 4337.679148 ms
Rank 3, Thread 2 [4220.999559 MHz]: 4339.038134 ms
Rank 3, Thread 3 [4220.999515 MHz]: 4344.182014 ms
Rank 3, Iteration 39:, 4344.207467 ms
Rank 3, Iteration 39: 508.183147 J, 116.979484 W
Threads workloads
0 333333333 333333333 333333333 
Threads times
Rank 1, Thread 0 [5324.475096 MHz]: 1418.260098 ms
Rank 1, Thread 1 [5326.192599 MHz]: 1352.616072 ms
Rank 1, Thread 2 [5326.495958 MHz]: 1357.228994 ms
Rank 1, Thread 3 [5326.266100 MHz]: 1353.209019 ms
Rank 1, Iteration 40:, 1418.292205 ms
Rank 1, Iteration 40: 274.855742 J, 193.793452 W
Rank 0, Thread 0 [5325.646232 MHz]: 818.223000 ms
Rank 0, Thread 1 [5326.494786 MHz]: 1348.387957 ms
Rank 0, Thread 2 [5326.496727 MHz]: 1350.908041 ms
Rank 0, Thread 3 [4421.270869 MHz]: 1622.437954 ms
Rank 0, Iteration 40:, 1622.648384 ms
Rank 0, Iteration 40: 302.953753 J, 186.703266 W
Rank 2, Thread 0 [4220.997981 MHz]: 1418.262005 ms
Rank 2, Thread 1 [4220.999509 MHz]: 4342.895985 ms
Rank 2, Thread 2 [4220.999185 MHz]: 4340.914011 ms
Rank 2, Thread 3 [4220.999426 MHz]: 4342.797041 ms
Rank 2, Iteration 40:, 4342.970174 ms
Rank 2, Iteration 40: 509.102090 J, 117.224404 W
Rank 3, Thread 0 [4220.997684 MHz]: 1418.262959 ms
Rank 3, Thread 1 [4220.999566 MHz]: 4341.016054 ms
Rank 3, Thread 2 [4220.999361 MHz]: 4339.272976 ms
Rank 3, Thread 3 [4220.999514 MHz]: 4343.791962 ms
Rank 3, Iteration 40:, 4343.816456 ms
Threads workloads
0 333333333 333333333 333333333 
Threads times
Rank 3, Iteration 40: 509.197610 J, 117.223556 W
Rank 1, Thread 0 [5326.197238 MHz]: 1415.053844 ms
Rank 1, Thread 1 [5326.305383 MHz]: 1347.189188 ms
Rank 1, Thread 2 [5326.115171 MHz]: 1349.907875 ms
Rank 1, Thread 3 [5326.497590 MHz]: 1348.377943 ms
Rank 1, Iteration 41:, 1415.083482 ms
Rank 1, Iteration 41: 274.670256 J, 194.101803 W
Rank 0, Thread 0 [5326.058383 MHz]: 811.830997 ms
Rank 0, Thread 1 [5326.497510 MHz]: 1347.617149 ms
Rank 0, Thread 2 [5326.497668 MHz]: 1347.741127 ms
Rank 0, Thread 3 [4421.970839 MHz]: 1622.195005 ms
Rank 0, Iteration 41:, 1622.422877 ms
Rank 0, Iteration 41: 302.667133 J, 186.552555 W
Rank 2, Thread 0 [4220.997085 MHz]: 1415.064096 ms
Rank 2, Thread 1 [4220.999585 MHz]: 4344.365120 ms
Rank 2, Thread 2 [4220.999095 MHz]: 4340.799093 ms
Rank 2, Thread 3 [4220.999519 MHz]: 4344.405890 ms
Rank 2, Iteration 41:, 4344.437455 ms
Rank 2, Iteration 41: 509.087930 J, 117.181553 W
Rank 3, Thread 0 [4220.997980 MHz]: 1415.063858 ms
Rank 3, Thread 1 [4220.998934 MHz]: 4338.522911 ms
Rank 3, Thread 2 [4220.999587 MHz]: 4340.388060 ms
Rank 3, Thread 3 [4220.999390 MHz]: 4345.937014 ms
Rank 3, Iteration 41:, 4345.965941 ms
Rank 3, Iteration 41: 509.207071 J, 117.167755 W
Threads workloads
0 333333333 333333333 333333333 
Threads times
Rank 1, Thread 0 [5326.316249 MHz]: 1415.799141 ms
Rank 1, Thread 1 [5326.367929 MHz]: 1348.811150 ms
Rank 1, Thread 2 [5326.488657 MHz]: 1347.945929 ms
Rank 1, Thread 3 [5326.488772 MHz]: 1347.265005 ms
Rank 1, Iteration 42:, 1415.824522 ms
Rank 1, Iteration 42: 274.531279 J, 193.902051 W
Rank 0, Thread 0 [5325.543122 MHz]: 812.328815 ms
Rank 0, Thread 1 [5326.494148 MHz]: 1347.196817 ms
Rank 0, Thread 2 [5325.872578 MHz]: 1349.503040 ms
Rank 0, Thread 3 [4421.988125 MHz]: 1621.416092 ms
Rank 0, Iteration 42:, 1621.606269 ms
Rank 0, Iteration 42: 302.411945 J, 186.489132 W
Rank 2, Thread 0 [4220.997581 MHz]: 1415.807009 ms
Rank 2, Thread 1 [4220.999562 MHz]: 4341.904163 ms
Rank 2, Thread 2 [4220.999142 MHz]: 4340.906143 ms
Rank 2, Thread 3 [4220.999546 MHz]: 4344.540119 ms
Rank 2, Iteration 42:, 4344.568392 ms
Rank 2, Iteration 42: 510.089087 J, 117.408461 W
Rank 3, Thread 0 [4220.997973 MHz]: 1415.807009 ms
Rank 3, Thread 1 [4220.998880 MHz]: 4338.508129 ms
Rank 3, Thread 2 [4220.999706 MHz]: 4338.739157 ms
Rank 3, Thread 3 [4220.999463 MHz]: 4345.101118 ms
Rank 3, Iteration 42:, 4345.126644 ms
Threads workloads
0 333333333 333333333 333333333 
Threads times
Rank 3, Iteration 42: 510.186682 J, 117.415837 W
